[
  {
    "language": 0,
    "code": "//This is compile error",
    "result": 11,
    "result_message": "Main.cc: In function ‘int main()’:\nMain.cc:3:17: error: ‘scanf’ was not declared in this scope\n   scanf(\"%d\", &n);\n                 ^\nMain.cc:5:19: error: ‘printf’ was not declared in this scope\n   printf(\"%d\\n\", n);\n                   ^\n",
    "problem_code": "A",
    "memory_usage": 0,
    "time_usage": 0,
    "id": 1
  },
  {
    "language": 0,
    "code": "#include<cstdio>\nint main(){\nprintf(\"Hello World\");\n}",
    "result": 6,
    "memory_usage": 10000,
    "time_usage": 100,
    "problem_code": "A",
    "id": 2
  },
  {
    "language": 1,
    "code": "//This is right",
    "result": 4,
    "memory_usage": 10000,
    "time_usage": 100,
    "problem_code": "A",
    "id": 3
  },
  {
    "language": 2,
    "code": "//This is pending",
    "result": 0,
    "problem_code": "B",
    "id": 4
  },
  {
    "language": 0,
    "code": "//This is compile error",
    "result": 11,
    "result_message": "Another compile error message",
    "problem_code": "A",
    "memory_usage": 0,
    "time_usage": 0,
    "id": 5
  }
]
